2025-08-03 23:07:57,675 [INFO] [__main__] ðŸš€ Starting MPT Portfolio Optimizer
2025-08-03 23:07:57,676 [INFO] [__main__] Fetching S&P 500 tickers from Wikipedia...
2025-08-03 23:07:58,220 [INFO] [__main__] Retrieved 503 tickers.
2025-08-03 23:07:58,220 [INFO] [__main__] â¬‡ï¸ Downloading historical price data...
2025-08-03 23:08:05,940 [ERROR] [yfinance] 
7 Failed downloads:
2025-08-03 23:08:05,941 [ERROR] [yfinance] ['CMI', 'NDSN']: Timeout('Failed to perform, curl: (28) Connection timed out after 10013 milliseconds. See https://curl.se/libcurl/c/libcurl-errors.html first for more details.')
2025-08-03 23:08:05,941 [ERROR] [yfinance] ['NVDA', 'TXT']: Timeout('Failed to perform, curl: (28) Connection timed out after 10016 milliseconds. See https://curl.se/libcurl/c/libcurl-errors.html first for more details.')
2025-08-03 23:08:05,942 [ERROR] [yfinance] ['EPAM']: Timeout('Failed to perform, curl: (28) Connection timed out after 10004 milliseconds. See https://curl.se/libcurl/c/libcurl-errors.html first for more details.')
2025-08-03 23:08:05,943 [ERROR] [yfinance] ['GNRC']: Timeout('Failed to perform, curl: (28) Connection timed out after 10002 milliseconds. See https://curl.se/libcurl/c/libcurl-errors.html first for more details.')
2025-08-03 23:08:05,943 [ERROR] [yfinance] ['CTRA']: Timeout('Failed to perform, curl: (28) Connection timed out after 10003 milliseconds. See https://curl.se/libcurl/c/libcurl-errors.html first for more details.')
2025-08-03 23:08:07,467 [INFO] [__main__] Downloaded data for 483 tickers (removed 20 with missing data).
2025-08-03 23:08:07,469 [INFO] [__main__] Calculating log returns...
2025-08-03 23:08:07,512 [INFO] [__main__] Starting Monte Carlo simulation for portfolio optimization...
2025-08-03 23:08:12,169 [INFO] [__main__] Optimal portfolio found with Sharpe Ratio = 0.4458
2025-08-03 23:08:12,170 [INFO] [__main__] Displaying optimal portfolio allocation...
2025-08-03 23:08:12,176 [INFO] [__main__] Top allocations (>1%):
Series([], dtype: float64)
2025-08-03 23:08:12,176 [INFO] [__main__] Plotting the efficient frontier...
2025-08-03 23:08:12,453 [INFO] [__main__] âœ… Workflow complete.
2025-08-03 23:10:57,077 [INFO] [__main__] ðŸš€ Starting MPT Portfolio Optimizer
2025-08-03 23:10:57,078 [INFO] [__main__] Fetching S&P 500 tickers from Wikipedia...
2025-08-03 23:10:57,578 [INFO] [__main__] Retrieved 503 tickers.
2025-08-03 23:10:57,579 [INFO] [__main__] â¬‡ï¸ Downloading historical price data...
2025-08-03 23:11:07,889 [INFO] [__main__] Downloaded data for 490 tickers (removed 13 with missing data).
2025-08-03 23:11:07,890 [INFO] [__main__] Calculating log returns...
2025-08-03 23:11:07,937 [INFO] [__main__] Starting Monte Carlo simulation for portfolio optimization...
2025-08-03 23:11:12,357 [INFO] [__main__] Optimal portfolio found with Sharpe Ratio = 0.4438
2025-08-03 23:11:12,358 [INFO] [__main__] Displaying optimal portfolio allocation...
2025-08-03 23:11:12,361 [INFO] [__main__] Top allocations (>1%):
Series([], dtype: float64)
2025-08-03 23:11:12,363 [INFO] [__main__] Plotting the efficient frontier...
2025-08-03 23:11:12,627 [INFO] [__main__] âœ… Workflow complete.
